[1021/004240.652:ERROR:process_reader_win.cc(123)] NtOpenThread: {Access Denied} A process has requested access to an object, but has not been granted those access rights. (0xc0000022)
[1021/004241.333:ERROR:exception_snapshot_win.cc(88)] thread ID 20288 not found in process
[1021/004240.636:ERROR:process_reader_win.cc(123)] NtOpenThread: {Access Denied} A process has requested access to an object, but has not been granted those access rights. (0xc0000022)
[1021/004240.261:ERROR:process_reader_win.cc(123)] NtOpenThread: {Access Denied} A process has requested access to an object, but has not been granted those access rights. (0xc0000022)
[1021/004241.333:ERROR:scoped_process_suspend.cc(40)] NtResumeProcess: An attempt was made to access an exiting process. (0xc000010a)
[1021/004240.250:ERROR:process_reader_win.cc(123)] NtOpenThread: {Access Denied} A process has requested access to an object, but has not been granted those access rights. (0xc0000022)
[1021/004240.655:ERROR:process_reader_win.cc(123)] NtOpenThread: {Access Denied} A process has requested access to an object, but has not been granted those access rights. (0xc0000022)
[1021/004241.442:ERROR:exception_snapshot_win.cc(88)] thread ID 8176 not found in process
[1021/004241.442:ERROR:exception_snapshot_win.cc(88)] thread ID 16948 not found in process
[1021/004240.673:ERROR:process_reader_win.cc(123)] NtOpenThread: {Access Denied} A process has requested access to an object, but has not been granted those access rights. (0xc0000022)
[1021/004241.442:ERROR:scoped_process_suspend.cc(40)] NtResumeProcess: An attempt was made to access an exiting process. (0xc000010a)
[1021/004240.636:ERROR:process_reader_win.cc(123)] NtOpenThread: {Access Denied} A process has requested access to an object, but has not been granted those access rights. (0xc0000022)
[1021/004241.442:ERROR:exception_snapshot_win.cc(88)] thread ID 20216 not found in process
[1021/004240.638:ERROR:process_reader_win.cc(123)] NtOpenThread: {Access Denied} A process has requested access to an object, but has not been granted those access rights. (0xc0000022)
[1021/004241.442:ERROR:exception_snapshot_win.cc(88)] thread ID 1356 not found in process
[1021/004241.442:ERROR:exception_snapshot_win.cc(88)] thread ID 20420 not found in process
[1021/004241.442:ERROR:scoped_process_suspend.cc(40)] NtResumeProcess: An attempt was made to access an exiting process. (0xc000010a)
[1021/004241.442:ERROR:scoped_process_suspend.cc(40)] NtResumeProcess: An attempt was made to access an exiting process. (0xc000010a)
[1021/004241.333:ERROR:exception_snapshot_win.cc(88)] thread ID 19904 not found in process
[1021/004240.250:ERROR:process_reader_win.cc(123)] NtOpenThread: {Access Denied} A process has requested access to an object, but has not been granted those access rights. (0xc0000022)
[1021/004240.439:ERROR:scoped_process_suspend.cc(31)] NtSuspendProcess: An attempt was made to access an exiting process. (0xc000010a)
[1021/004240.658:ERROR:process_reader_win.cc(123)] NtOpenThread: {Access Denied} A process has requested access to an object, but has not been granted those access rights. (0xc0000022)
[1021/004239.876:ERROR:scoped_process_suspend.cc(31)] NtSuspendProcess: An attempt was made to access an exiting process. (0xc000010a)
[1021/004241.442:ERROR:exception_snapshot_win.cc(88)] thread ID 8168 not found in process
[1021/004241.442:ERROR:scoped_process_suspend.cc(40)] NtResumeProcess: An attempt was made to access an exiting process. (0xc000010a)
[1021/004240.623:ERROR:process_reader_win.cc(123)] NtOpenThread: {Access Denied} A process has requested access to an object, but has not been granted those access rights. (0xc0000022)
[1021/004240.675:ERROR:process_reader_win.cc(123)] NtOpenThread: {Access Denied} A process has requested access to an object, but has not been granted those access rights. (0xc0000022)
[1021/004241.442:ERROR:process_info.cc(118)] ReadProcessMemory bool __cdecl crashpad::(anonymous namespace)::ReadStruct(HANDLE, crashpad::WinVMAddress, T *) [T = crashpad::process_types::PEB<crashpad::process_types::internal::Traits64>]: Only part of a ReadProcessMemory or WriteProcessMemory request was completed. (0x12B)
[1021/004241.442:ERROR:exception_snapshot_win.cc(88)] thread ID 14644 not found in process
[1021/004241.442:ERROR:exception_snapshot_win.cc(88)] thread ID 8172 not found in process
[1021/004241.442:ERROR:exception_snapshot_win.cc(88)] thread ID 16008 not found in process
[1021/004241.442:ERROR:process_info.cc(118)] ReadProcessMemory bool __cdecl crashpad::(anonymous namespace)::ReadStruct(HANDLE, crashpad::WinVMAddress, T *) [T = crashpad::process_types::PEB<crashpad::process_types::internal::Traits64>]: Only part of a ReadProcessMemory or WriteProcessMemory request was completed. (0x12B)
[1021/004241.442:ERROR:process_info.cc(545)] ReadProcessData failed
[1021/004241.442:ERROR:process_reader_win.cc(242)] ReadMemory at 0x7fff81bc54d0 of 12 bytes failed: Only part of a ReadProcessMemory or WriteProcessMemory request was completed. (0x12B)
[1021/004241.442:WARNING:process_snapshot_win.cc(69)] ReadMemory ExceptionInformation failed
[1021/004241.442:ERROR:process_info.cc(545)] ReadProcessData failed
[1021/004241.442:ERROR:process_reader_win.cc(242)] ReadMemory at 0x7fff81bc54d0 of 12 bytes failed: Only part of a ReadProcessMemory or WriteProcessMemory request was completed. (0x12B)
[1021/004241.442:WARNING:process_snapshot_win.cc(69)] ReadMemory ExceptionInformation failed
[1021/004241.442:ERROR:scoped_process_suspend.cc(40)] NtResumeProcess: An attempt was made to access an exiting process. (0xc000010a)
[1021/004241.442:ERROR:scoped_process_suspend.cc(40)] NtResumeProcess: An attempt was made to access an exiting process. (0xc000010a)
[1021/004241.333:ERROR:exception_snapshot_win.cc(88)] thread ID 17328 not found in process
[1021/004241.442:ERROR:scoped_process_suspend.cc(40)] NtResumeProcess: An attempt was made to access an exiting process. (0xc000010a)
